0.000000 0.000000 0.000000
-0.000000 1.000000 0.000000
0.087265 1.000381 0.000000
0.174524 1.001523 0.000000
0.261769 1.003427 0.000000
0.348995 1.006092 0.000000
0.436194 1.009518 0.000000
0.523360 1.013705 0.000000
0.610485 1.018652 0.000000
0.697565 1.024359 0.000000
0.784591 1.030827 0.000000
0.871557 1.038053 0.000000
0.958458 1.046038 0.000000
1.045285 1.054781 0.000000
1.132032 1.064281 0.000000
1.218693 1.074538 0.000000
1.305262 1.085551 0.000000
1.391731 1.097319 0.000000
1.478094 1.109841 0.000000
1.564345 1.123117 0.000000
1.650476 1.137144 0.000000
1.736482 1.151922 0.000000
1.822355 1.167451 0.000000
1.908090 1.183728 0.000000
1.993679 1.200753 0.000000
2.079117 1.218524 0.000000
2.164396 1.237040 0.000000
2.249511 1.256299 0.000000
2.334454 1.276301 0.000000
2.419219 1.297043 0.000000
2.503800 1.318524 0.000000
2.588190 1.340742 0.000000
2.672384 1.363695 0.000000
2.756374 1.387383 0.000000
2.840153 1.411803 0.000000
2.923717 1.436952 0.000000
3.007058 1.462830 0.000000
3.090170 1.489435 0.000000
3.173047 1.516763 0.000000
3.255682 1.544814 0.000000
3.338069 1.573585 0.000000
3.420201 1.603074 0.000000
3.502074 1.633278 0.000000
3.583679 1.664196 0.000000
3.665012 1.695824 0.000000
3.746066 1.728161 0.000000
3.826834 1.761205 0.000000
3.907311 1.794951 0.000000
3.987491 1.829399 0.000000
4.067366 1.864545 0.000000
4.146932 1.900387 0.000000
4.226183 1.936922 0.000000
4.310146 1.975920 0.000000
4.591046 2.104050 0.000000
4.881993 2.232985 0.000000
5.199086 2.369163 0.000000
5.525084 2.504521 0.000000
5.862085 2.639688 0.000000
6.208326 2.773716 0.000000
6.567450 2.907744 0.000000
6.936941 3.040545 0.000000
7.319904 3.172950 0.000000
7.714882 3.304140 0.000000
8.123599 3.434385 0.000000
8.546615 3.563515 0.000000
8.982947 3.690910 0.000000
9.436345 3.817290 0.000000
9.902173 3.941026 0.000000
10.388567 4.063874 0.000000
10.885987 4.183067 0.000000
11.407703 4.301355 0.000000
11.942888 4.415820 0.000000
12.495911 4.527078 0.000000
13.072572 4.635784 0.000000
13.662555 4.739579 0.000000
14.281697 4.840745 0.000000
14.917501 4.936671 0.000000
15.571348 5.027247 0.000000
16.255627 5.113594 0.000000
16.958277 5.193613 0.000000
17.682390 5.267261 0.000000
18.438532 5.334972 0.000000
19.214868 5.395072 0.000000
20.014765 5.447399 0.000000
20.849674 5.491992 0.000000
21.707705 5.527545 0.000000
22.588755 5.553604 0.000000
23.510018 5.569942 0.000000
24.457438 5.575509 0.000000
24.457438 0.000000 0.000000
