0.000000 0.000000 0.000000
-0.000000 1.000000 0.000000
0.087265 1.000381 0.000000
0.174524 1.001523 0.000000
0.261769 1.003427 0.000000
0.348995 1.006092 0.000000
0.436194 1.009518 0.000000
0.523360 1.013705 0.000000
0.560636 1.015665 0.000000
0.633393 1.019520 0.000000
0.704829 1.023321 0.000000
0.775338 1.027074 0.000000
0.845325 1.030781 0.000000
0.915205 1.034450 0.000000
0.985401 1.038084 0.000000
1.056343 1.041687 0.000000
1.128468 1.045262 0.000000
1.202219 1.048808 0.000000
1.278041 1.052319 0.000000
1.356384 1.055789 0.000000
1.509913 1.061908 0.000000
1.663357 1.066994 0.000000
1.817911 1.071050 0.000000
1.974001 1.074028 0.000000
2.131616 1.075863 0.000000
2.291262 1.076489 0.000000
2.291262 0.000000 0.000000
