it	x	y	u	v	V	M	rho	a	T	P
0.043562 -0.932342 240.780056 -0.522617 240.780623 1.186757 23.449358 202.889572 282.736358 10.306883
0.057918 -0.822443 239.240240 -0.452110 239.240668 1.180069 23.661016 202.734463 283.005025 10.393944
0.070469 -0.712615 237.892849 -0.384888 237.893161 1.174212 23.846930 202.598144 283.239283 10.470306
0.081221 -0.602853 236.737900 -0.320574 236.738117 1.169188 24.006808 202.480860 283.439458 10.535891
0.090175 -0.493152 235.775410 -0.258771 235.775552 1.164998 24.140405 202.382820 283.605835 10.590638
0.097335 -0.383504 235.005395 -0.199057 235.005479 1.161644 24.247520 202.304191 283.738651 10.634493
0.102702 -0.273899 234.427869 -0.140991 234.427912 1.159128 24.327993 202.245105 283.838096 10.667419
0.106279 -0.164326 234.042845 -0.084115 234.042861 1.157450 24.381707 202.205662 283.904313 10.689385
0.108068 -0.054773 233.850331 -0.027958 233.850333 1.156610 24.408583 202.185924 283.937398 10.700373
0.108068 0.054773 233.850331 0.027958 233.850333 1.156610 24.408583 202.185924 283.937398 10.700373
0.106279 0.164326 234.042845 0.084115 234.042861 1.157450 24.381707 202.205662 283.904313 10.689385
0.102702 0.273899 234.427869 0.140991 234.427912 1.159128 24.327993 202.245105 283.838096 10.667419
0.097335 0.383504 235.005395 0.199057 235.005479 1.161644 24.247520 202.304191 283.738651 10.634493
0.090175 0.493152 235.775410 0.258771 235.775552 1.164998 24.140405 202.382820 283.605835 10.590638
0.081221 0.602853 236.737900 0.320574 236.738117 1.169188 24.006808 202.480860 283.439458 10.535891
0.070469 0.712615 237.892849 0.384888 237.893161 1.174212 23.846930 202.598144 283.239283 10.470306
0.057918 0.822443 239.240240 0.452110 239.240668 1.180069 23.661016 202.734463 283.005025 10.393944
0.043562 0.932342 240.780056 0.522617 240.780623 1.186757 23.449358 202.889572 282.736358 10.306883
0.085611 -0.866698 240.064459 -0.974735 240.066438 1.183656 23.547411 202.817728 282.861084 10.347232
0.098375 -0.757996 238.619712 -0.837003 238.621180 1.177377 23.746405 202.671861 283.112817 10.429029
0.109420 -0.649426 237.367409 -0.705466 237.368457 1.171930 23.919499 202.544914 283.330288 10.500085
0.118753 -0.540980 236.307618 -0.579348 236.308328 1.167317 24.066420 202.437118 283.513796 10.560326
0.126379 -0.432642 235.440406 -0.457830 235.440851 1.163540 24.186936 202.348666 283.663593 10.609693
0.132305 -0.324396 234.765834 -0.340049 234.766081 1.160601 24.280861 202.279712 283.779888 10.648137
0.136534 -0.216223 234.283956 -0.225107 234.284064 1.158501 24.348053 202.230375 283.862841 10.675624
0.139070 -0.108099 233.994812 -0.112073 233.994839 1.157240 24.388409 202.200740 283.912567 10.692126
0.139915 -0.000000 233.898428 0.000000 233.898428 1.156820 24.401868 202.190855 283.929134 10.697628
0.139070 0.108099 233.994812 0.112073 233.994839 1.157240 24.388409 202.200740 283.912567 10.692126
0.136534 0.216223 234.283956 0.225107 234.284064 1.158501 24.348053 202.230375 283.862841 10.675624
0.132305 0.324396 234.765834 0.340049 234.766081 1.160601 24.280861 202.279712 283.779888 10.648137
0.126379 0.432642 235.440406 0.457830 235.440851 1.163540 24.186936 202.348666 283.663593 10.609693
0.118753 0.540980 236.307618 0.579348 236.308328 1.167317 24.066420 202.437118 283.513796 10.560326
0.109420 0.649426 237.367409 0.705466 237.368457 1.171930 23.919499 202.544914 283.330288 10.500085
0.098375 0.757996 238.619712 0.837003 238.621180 1.177377 23.746405 202.671861 283.112817 10.429029
0.085611 0.866698 240.064459 0.974735 240.066438 1.183656 23.547411 202.817728 282.861084 10.347232
0.126218 -0.803012 239.447614 -1.359642 239.451474 1.180985 23.631991 202.755739 282.968307 10.382013
0.137455 -0.695480 238.097191 -1.157591 238.100005 1.175111 23.818350 202.619104 283.203375 10.458573
0.147063 -0.588132 236.939306 -0.964246 236.941268 1.170072 23.978654 202.501517 283.404293 10.524347
0.155053 -0.480950 235.974111 -0.778410 235.975395 1.165868 24.112642 202.403197 283.571326 10.579265
0.161433 -0.373913 235.201751 -0.598824 235.202514 1.162502 24.220093 202.324325 283.704693 10.623267
0.166210 -0.266993 234.622355 -0.424165 234.622739 1.159977 24.300835 202.265047 283.804567 10.656309
0.169391 -0.160160 234.236028 -0.253065 234.236165 1.158292 24.354735 202.225469 283.871079 10.678356
0.170981 -0.053381 234.042845 -0.084115 234.042861 1.157450 24.381707 202.205662 283.904313 10.689385
0.170981 0.053381 234.042845 0.084115 234.042861 1.157450 24.381707 202.205662 283.904313 10.689385
0.169391 0.160160 234.236028 0.253065 234.236165 1.158292 24.354735 202.225469 283.871079 10.678356
0.166210 0.266993 234.622355 0.424165 234.622739 1.159977 24.300835 202.265047 283.804567 10.656309
0.161433 0.373913 235.201751 0.598824 235.202514 1.162502 24.220093 202.324325 283.704693 10.623267
0.155053 0.480950 235.974111 0.778410 235.975395 1.165868 24.112642 202.403197 283.571326 10.579265
0.147063 0.588132 236.939306 0.964246 236.941268 1.170072 23.978654 202.501517 283.404293 10.524347
0.137455 0.695480 238.097191 1.157591 238.100005 1.175111 23.818350 202.619104 283.203375 10.458573
0.126218 0.803012 239.447614 1.359642 239.451474 1.180985 23.631991 202.755739 282.968307 10.382013
0.165462 -0.741213 238.928286 -1.680247 238.934194 1.178737 23.703242 202.703507 283.058373 10.411297
0.175245 -0.634811 237.671525 -1.416382 237.675746 1.173266 23.876988 202.576098 283.277006 10.482642
0.183494 -0.528632 236.607522 -1.163314 236.610382 1.168632 24.024518 202.467865 283.461560 10.543152
0.190223 -0.422650 235.736540 -0.919407 235.738332 1.164836 24.145578 202.379023 283.612260 10.592756
0.195444 -0.316835 235.058820 -0.682940 235.059812 1.161881 24.239955 202.309744 283.729289 10.631397
0.199166 -0.211149 234.574573 -0.452123 234.575008 1.159769 24.307487 202.260162 283.812783 10.659031
0.201396 -0.105552 234.283956 -0.225107 234.284064 1.158501 24.348053 202.230375 283.862841 10.675624
0.202139 0.000000 234.187073 0.000000 234.187073 1.158078 24.361583 202.220439 283.879521 10.681157
0.201396 0.105552 234.283956 0.225107 234.284064 1.158501 24.348053 202.230375 283.862841 10.675624
0.199166 0.211149 234.574573 0.452123 234.575008 1.159769 24.307487 202.260162 283.812783 10.659031
0.195444 0.316835 235.058820 0.682940 235.059812 1.161881 24.239955 202.309744 283.729289 10.631397
0.190223 0.422650 235.736540 0.919407 235.738332 1.164836 24.145578 202.379023 283.612260 10.592756
0.183494 0.528632 236.607522 1.163314 236.610382 1.168632 24.024518 202.467865 283.461560 10.543152
0.175245 0.634811 237.671525 1.416382 237.675746 1.173266 23.876988 202.576098 283.277006 10.482642
0.165462 0.741213 238.928286 1.680247 238.934194 1.178737 23.703242 202.703507 283.058373 10.411297
0.203432 -0.681217 238.505287 -1.939055 238.513169 1.176907 23.761307 202.660935 283.131594 10.435150
0.211840 -0.575890 237.341669 -1.615461 237.347167 1.171837 23.922446 202.542753 283.333978 10.501293
0.218815 -0.470812 236.371197 -1.304316 236.374795 1.167606 24.057196 202.443887 283.502304 10.556546
0.224375 -0.365950 235.594264 -1.003526 235.596401 1.164218 24.165306 202.364543 283.636757 10.600836
0.228531 -0.261262 235.011221 -0.710899 235.012296 1.161674 24.246571 202.304887 283.737476 10.634105
0.231296 -0.156704 234.622355 -0.424165 234.622739 1.159977 24.300835 202.265047 283.804567 10.656309
0.232676 -0.052226 234.427869 -0.140991 234.427912 1.159128 24.327993 202.245105 283.838096 10.667419
0.232676 0.052226 234.427869 0.140991 234.427912 1.159128 24.327993 202.245105 283.838096 10.667419
0.231296 0.156704 234.622355 0.424165 234.622739 1.159977 24.300835 202.265047 283.804567 10.656309
0.228531 0.261262 235.011221 0.710899 235.012296 1.161674 24.246571 202.304887 283.737476 10.634105
0.224375 0.365950 235.594264 1.003526 235.596401 1.164218 24.165306 202.364543 283.636757 10.600836
0.218815 0.470812 236.371197 1.304316 236.374795 1.167606 24.057196 202.443887 283.502304 10.556546
0.211840 0.575890 237.341669 1.615461 237.347167 1.171837 23.922446 202.542753 283.333978 10.501293
0.203432 0.681217 238.505287 1.939055 238.513169 1.176907 23.761307 202.660935 283.131594 10.435150
0.240226 -0.622919 238.177536 -2.138149 238.187133 1.175490 23.806315 202.627930 283.188244 10.453632
0.247345 -0.518597 237.106736 -1.756471 237.113242 1.170820 23.954832 202.518994 283.374510 10.514578
0.253139 -0.414539 236.229675 -1.388439 236.233755 1.166993 24.076769 202.429523 283.526686 10.564567
0.257624 -0.310701 235.546884 -1.031486 235.549142 1.164012 24.171877 202.359720 283.644911 10.603526
0.260817 -0.207036 235.058820 -0.682940 235.059812 1.161881 24.239955 202.309744 283.729289 10.631397
0.262727 -0.103488 234.765834 -0.340049 234.766081 1.160601 24.280861 202.279712 283.779888 10.648137
0.263364 0.000000 234.668147 0.000000 234.668147 1.160175 24.294507 202.269693 283.796750 10.653720
0.262727 0.103488 234.765834 0.340049 234.766081 1.160601 24.280861 202.279712 283.779888 10.648137
0.260817 0.207036 235.058820 0.682940 235.059812 1.161881 24.239955 202.309744 283.729289 10.631397
0.257624 0.310701 235.546884 1.031486 235.549142 1.164012 24.171877 202.359720 283.644911 10.603526
0.253139 0.414539 236.229675 1.388439 236.233755 1.166993 24.076769 202.429523 283.526686 10.564567
0.247345 0.518597 237.106736 1.756471 237.113242 1.170820 23.954832 202.518994 283.374510 10.514578
0.240226 0.622919 238.177536 2.138149 238.187133 1.175490 23.806315 202.627930 283.188244 10.453632
0.275947 -0.566200 237.944126 -2.279173 237.955041 1.174481 23.838378 202.604416 283.228542 10.466795
0.281873 -0.462800 236.966057 -1.840600 236.973205 1.170211 23.974230 202.504763 283.398763 10.522533
0.286583 -0.359665 236.182547 -1.416400 236.186794 1.166788 24.083288 202.424739 283.534802 10.567238
0.290097 -0.256744 235.594264 -1.003526 235.596401 1.164218 24.165306 202.364543 283.636757 10.600836
0.292430 -0.153982 235.201751 -0.598824 235.202514 1.162502 24.220093 202.324325 283.704693 10.623267
0.293594 -0.051317 235.005395 -0.199057 235.005479 1.161644 24.247520 202.304191 283.738651 10.634493
0.293594 0.051317 235.005395 0.199057 235.005479 1.161644 24.247520 202.304191 283.738651 10.634493
0.292430 0.153982 235.201751 0.598824 235.202514 1.162502 24.220093 202.324325 283.704693 10.623267
0.290097 0.256744 235.594264 1.003526 235.596401 1.164218 24.165306 202.364543 283.636757 10.600836
0.286583 0.359665 236.182547 1.416400 236.186794 1.166788 24.083288 202.424739 283.534802 10.567238
0.281873 0.462800 236.966057 1.840600 236.973205 1.170211 23.974230 202.504763 283.398763 10.522533
0.275947 0.566200 237.944126 2.279173 237.955041 1.174481 23.838378 202.604416 283.228542 10.466795
0.310710 -0.510926 237.804366 -2.363309 237.816109 1.173877 23.857581 202.590332 283.252654 10.474677
0.315543 -0.408349 236.919211 -1.868563 236.926580 1.170008 23.980689 202.500024 283.406836 10.525182
0.319273 -0.306029 236.229675 -1.388439 236.233755 1.166993 24.076769 202.429523 283.526686 10.564567
0.321922 -0.203906 235.736540 -0.919407 235.738332 1.164836 24.145578 202.379023 283.612260 10.592756
0.323505 -0.101919 235.440406 -0.457830 235.440851 1.163540 24.186936 202.348666 283.663593 10.609693
0.324031 -0.000000 235.341652 0.000000 235.341652 1.163108 24.200734 202.338537 283.680702 10.615342
0.323505 0.101919 235.440406 0.457830 235.440851 1.163540 24.186936 202.348666 283.663593 10.609693
0.321922 0.203906 235.736540 0.919407 235.738332 1.164836 24.145578 202.379023 283.612260 10.592756
0.319273 0.306029 236.229675 1.388439 236.233755 1.166993 24.076769 202.429523 283.526686 10.564567
0.315543 0.408349 236.919211 1.868563 236.926580 1.170008 23.980689 202.500024 283.406836 10.525182
0.310710 0.510926 237.804366 2.363309 237.816109 1.173877 23.857581 202.590332 283.252654 10.474677
0.344635 -0.456946 237.757828 -2.391275 237.769853 1.173676 23.863975 202.585642 283.260680 10.477302
0.348480 -0.355083 236.966057 -1.840600 236.973205 1.170211 23.974230 202.504763 283.398763 10.522533
0.351339 -0.253457 236.371197 -1.304316 236.374795 1.167606 24.057196 202.443887 283.502304 10.556546
0.353233 -0.152004 235.974111 -0.778410 235.975395 1.165868 24.112642 202.403197 283.571326 10.579265
0.354176 -0.050656 235.775410 -0.258771 235.775552 1.164998 24.140405 202.382820 283.605835 10.590638
0.354176 0.050656 235.775410 0.258771 235.775552 1.164998 24.140405 202.382820 283.605835 10.590638
0.353233 0.152004 235.974111 0.778410 235.975395 1.165868 24.112642 202.403197 283.571326 10.579265
0.351339 0.253457 236.371197 1.304316 236.374795 1.167606 24.057196 202.443887 283.502304 10.556546
0.348480 0.355083 236.966057 1.840600 236.973205 1.170211 23.974230 202.504763 283.398763 10.522533
0.344635 0.456946 237.757828 2.391275 237.769853 1.173676 23.863975 202.585642 283.260680 10.477302
0.377849 -0.404098 237.804366 -2.363309 237.816109 1.173877 23.857581 202.590332 283.252654 10.474677
0.380816 -0.302828 237.106736 -1.756471 237.113242 1.170820 23.954832 202.518994 283.374510 10.514578
0.382915 -0.201767 236.607522 -1.163314 236.610382 1.168632 24.024518 202.467865 283.461560 10.543152
0.384167 -0.100848 236.307618 -0.579348 236.308328 1.167317 24.066420 202.437118 283.513796 10.560326
0.384583 -0.000000 236.207586 0.000000 236.207586 1.166879 24.080402 202.426857 283.531209 10.566055
0.384167 0.100848 236.307618 0.579348 236.308328 1.167317 24.066420 202.437118 283.513796 10.560326
0.382915 0.201767 236.607522 1.163314 236.610382 1.168632 24.024518 202.467865 283.461560 10.543152
0.380816 0.302828 237.106736 1.756471 237.113242 1.170820 23.954832 202.518994 283.374510 10.514578
0.377849 0.404098 237.804366 2.363309 237.816109 1.173877 23.857581 202.590332 283.252654 10.474677
0.410484 -0.352207 237.944126 -2.279173 237.955041 1.174481 23.838378 202.604416 283.228542 10.466795
0.412686 -0.251400 237.341669 -1.615461 237.347167 1.171837 23.922446 202.542753 283.333978 10.501293
0.414140 -0.150769 236.939306 -0.964246 236.941268 1.170072 23.978654 202.501517 283.404293 10.524347
0.414863 -0.050244 236.737900 -0.320574 236.738117 1.169188 24.006808 202.480860 283.439458 10.535891
0.414863 0.050244 236.737900 0.320574 236.738117 1.169188 24.006808 202.480860 283.439458 10.535891
0.414140 0.150769 236.939306 0.964246 236.941268 1.170072 23.978654 202.501517 283.404293 10.524347
0.412686 0.251400 237.341669 1.615461 237.347167 1.171837 23.922446 202.542753 283.333978 10.501293
0.410484 0.352207 237.944126 2.279173 237.955041 1.174481 23.838378 202.604416 283.228542 10.466795
0.442678 -0.301090 238.177536 -2.138149 238.187133 1.175490 23.806315 202.627930 283.188244 10.453632
0.444230 -0.200611 237.671525 -1.416382 237.675746 1.173266 23.876988 202.576098 283.277006 10.482642
0.445153 -0.100271 237.367409 -0.705466 237.368457 1.171930 23.919499 202.544914 283.330288 10.500085
0.445459 -0.000000 237.265950 0.000000 237.265950 1.171484 23.933688 202.534506 283.348053 10.505905
0.445153 0.100271 237.367409 0.705466 237.368457 1.171930 23.919499 202.544914 283.330288 10.500085
0.444230 0.200611 237.671525 1.416382 237.675746 1.173266 23.876988 202.576098 283.277006 10.482642
0.442678 0.301090 238.177536 2.138149 238.187133 1.175490 23.806315 202.627930 283.188244 10.453632
0.474569 -0.250558 238.505287 -1.939055 238.513169 1.176907 23.761307 202.660935 283.131594 10.435150
0.475588 -0.150268 238.097191 -1.157591 238.100005 1.175111 23.818350 202.619104 283.203375 10.458573
0.476093 -0.050078 237.892849 -0.384888 237.893161 1.174212 23.846930 202.598144 283.239283 10.470306
0.476093 0.050078 237.892849 0.384888 237.893161 1.174212 23.846930 202.598144 283.239283 10.470306
0.475588 0.150268 238.097191 1.157591 238.100005 1.175111 23.818350 202.619104 283.203375 10.458573
0.474569 0.250558 238.505287 1.939055 238.513169 1.176907 23.761307 202.660935 283.131594 10.435150
0.506301 -0.200420 238.928286 -1.680247 238.934194 1.178737 23.703242 202.703507 283.058373 10.411297
0.506900 -0.100178 238.619712 -0.837003 238.621180 1.177377 23.746405 202.671861 283.112817 10.429029
0.507099 -0.000000 238.516743 0.000000 238.516743 1.176923 23.760814 202.661296 283.130973 10.434947
0.506900 0.100178 238.619712 0.837003 238.621180 1.177377 23.746405 202.671861 283.112817 10.429029
0.506301 0.200420 238.928286 1.680247 238.934194 1.178737 23.703242 202.703507 283.058373 10.411297
0.538013 -0.150482 239.447614 -1.359642 239.451474 1.180985 23.631991 202.755739 282.968307 10.382013
0.538306 -0.050151 239.240240 -0.452110 239.240668 1.180069 23.661016 202.734463 283.005025 10.393944
0.538306 0.050151 239.240240 0.452110 239.240668 1.180069 23.661016 202.734463 283.005025 10.393944
0.538013 0.150482 239.447614 1.359642 239.451474 1.180985 23.631991 202.755739 282.968307 10.382013
0.569847 -0.100555 240.064459 -0.974735 240.066438 1.183656 23.547411 202.817728 282.861084 10.347232
0.569941 -0.000000 239.959967 0.000000 239.959967 1.183194 23.562045 202.807004 282.879660 10.353251
0.569847 0.100555 240.064459 0.974735 240.066438 1.183656 23.547411 202.817728 282.861084 10.347232
0.601939 -0.050453 240.780056 -0.522617 240.780623 1.186757 23.449358 202.889572 282.736358 10.306883
0.601939 0.050453 240.780056 0.522617 240.780623 1.186757 23.449358 202.889572 282.736358 10.306883
0.634425 -0.000000 241.595620 0.000000 241.595620 1.190294 23.337695 202.971362 282.593759 10.260899
-0.000000 1.000000 241.595620 0.000000 241.595620 1.190294 23.337695 202.971362 282.593759 10.260899
0.043562 0.932342 240.780056 0.522617 240.780623 1.186757 23.449358 202.889572 282.736358 10.306883
0.085611 0.866698 240.064459 0.974735 240.066438 1.183656 23.547411 202.817728 282.861084 10.347232
0.126218 0.803012 239.447614 1.359642 239.451474 1.180985 23.631991 202.755739 282.968307 10.382013
0.165462 0.741213 238.928286 1.680247 238.934194 1.178737 23.703242 202.703507 283.058373 10.411297
0.203432 0.681217 238.505287 1.939055 238.513169 1.176907 23.761307 202.660935 283.131594 10.435150
0.240226 0.622919 238.177536 2.138149 238.187133 1.175490 23.806315 202.627930 283.188244 10.453632
0.275947 0.566200 237.944126 2.279173 237.955041 1.174481 23.838378 202.604416 283.228542 10.466795
0.310710 0.510926 237.804366 2.363309 237.816109 1.173877 23.857581 202.590332 283.252654 10.474677
0.344635 0.456946 237.757828 2.391275 237.769853 1.173676 23.863975 202.585642 283.260680 10.477302
0.377849 0.404098 237.804366 2.363309 237.816109 1.173877 23.857581 202.590332 283.252654 10.474677
0.410484 0.352207 237.944126 2.279173 237.955041 1.174481 23.838378 202.604416 283.228542 10.466795
0.442678 0.301090 238.177536 2.138149 238.187133 1.175490 23.806315 202.627930 283.188244 10.453632
0.474569 0.250558 238.505287 1.939055 238.513169 1.176907 23.761307 202.660935 283.131594 10.435150
0.506301 0.200420 238.928286 1.680247 238.934194 1.178737 23.703242 202.703507 283.058373 10.411297
0.538013 0.150482 239.447614 1.359642 239.451474 1.180985 23.631991 202.755739 282.968307 10.382013
0.569847 0.100555 240.064459 0.974735 240.066438 1.183656 23.547411 202.817728 282.861084 10.347232
0.601939 0.050453 240.780056 0.522617 240.780623 1.186757 23.449358 202.889572 282.736358 10.306883
0.634425 -0.000000 241.595620 0.000000 241.595620 1.190294 23.337695 202.971362 282.593759 10.260899
0.523360 1.013705 253.402411 13.280258 253.750167 1.242867 21.702601 204.165147 280.433839 9.583310
0.087225 1.000441 243.246407 2.142559 243.255843 1.197495 23.110990 203.137325 282.302398 10.167427
0.129927 0.936718 242.542233 2.594751 242.556112 1.194461 23.206413 203.067484 282.425341 10.206789
0.171197 0.874886 241.935573 2.979748 241.953923 1.191849 23.288681 203.007253 282.530978 10.240704
0.211115 0.814867 241.425057 3.300436 241.447616 1.189652 23.357955 202.956524 282.619677 10.269245
0.249774 0.756571 241.009413 3.559329 241.035694 1.187864 23.414384 202.915192 282.691759 10.292485
0.287271 0.699888 240.687461 3.758490 240.716805 1.186480 23.458113 202.883158 282.747512 10.310487
0.323716 0.644697 240.458246 3.899569 240.489864 1.185495 23.489255 202.860342 282.787163 10.323304
0.359225 0.590857 240.321015 3.983736 240.354032 1.184905 23.507904 202.846678 282.810885 10.330978
0.393921 0.538219 240.275330 4.011716 240.308818 1.184709 23.514113 202.842128 282.818779 10.333533
0.427933 0.486616 240.321015 3.983736 240.354032 1.184905 23.507904 202.846678 282.810885 10.330978
0.461400 0.435874 240.458246 3.899569 240.489864 1.185495 23.489255 202.860342 282.787163 10.323304
0.494460 0.385809 240.687461 3.758490 240.716805 1.186480 23.458113 202.883158 282.747512 10.310487
0.527258 0.336233 241.009413 3.559329 241.035694 1.187864 23.414384 202.915192 282.691759 10.292485
0.559937 0.286953 241.425057 3.300436 241.447616 1.189652 23.357955 202.956524 282.619677 10.269245
0.592644 0.237779 241.935573 2.979748 241.953923 1.191849 23.288681 203.007253 282.530978 10.240704
0.625521 0.188521 242.542233 2.594751 242.556112 1.194461 23.206413 203.067484 282.425341 10.206789
0.658710 0.138996 243.246407 2.142559 243.255843 1.197495 23.110990 203.137325 282.302398 10.167427
0.692347 0.089027 244.049425 1.619878 244.054801 1.200957 23.002261 203.216878 282.161768 10.122543
0.752819 -0.000000 246.468434 0.000000 246.468434 1.211409 22.675271 203.455936 281.735286 9.987346
0.523360 1.013705 253.402411 13.280258 253.750167 1.242867 21.702601 204.165147 280.433839 9.583310
0.214908 0.943608 244.408870 4.664372 244.453374 1.202684 22.948111 203.256487 282.091510 10.100175
0.255481 0.885258 243.906081 4.985192 243.957022 1.200534 23.015555 203.207153 282.178993 10.128032
0.294800 0.828545 243.496860 5.244193 243.553325 1.198784 23.070478 203.166970 282.250068 10.150707
0.332980 0.773379 243.179987 5.443453 243.240904 1.197430 23.113026 203.135836 282.305025 10.168267
0.370118 0.719613 242.954425 5.584598 243.018601 1.196466 23.143323 203.113663 282.344105 10.180767
0.406347 0.667127 242.819413 5.668814 242.885575 1.195889 23.161461 203.100388 282.367480 10.188250
0.441780 0.615747 242.774459 5.696804 242.841289 1.195697 23.167501 203.095967 282.375260 10.190741
0.476564 0.565328 242.819413 5.668814 242.885575 1.195889 23.161461 203.100388 282.367480 10.188250
0.510826 0.515673 242.954425 5.584598 243.018601 1.196466 23.143323 203.113663 282.344105 10.180767
0.544722 0.466621 243.179987 5.443453 243.240904 1.197430 23.113026 203.135836 282.305025 10.168267
0.578386 0.417962 243.496860 5.244193 243.553325 1.198784 23.070478 203.166970 282.250068 10.150707
0.611981 0.369525 243.906081 4.985192 243.957022 1.200534 23.015555 203.207153 282.178993 10.128032
0.645641 0.321099 244.408870 4.664372 244.453374 1.202684 22.948111 203.256487 282.091510 10.100175
0.679526 0.272519 245.006612 4.279247 245.043979 1.205242 22.867981 203.315083 281.987280 10.067062
0.713769 0.223579 245.700746 3.826918 245.730547 1.208215 22.775000 203.383056 281.865929 10.028613
0.748521 0.174126 246.492747 3.304120 246.514891 1.211610 22.669000 203.460519 281.727053 9.984750
0.811498 0.085295 248.880990 1.683984 248.886688 1.221869 22.349917 203.693500 281.305531 9.852510
0.872577 0.000000 251.266387 0.000000 251.266387 1.232149 22.031999 203.925317 280.880240 9.720453
0.523360 1.013705 253.402411 13.280258 253.750167 1.242867 21.702601 204.165147 280.433839 9.583310
0.298620 0.952672 246.420465 6.769595 246.513434 1.211604 22.669196 203.460375 281.727312 9.984831
0.338606 0.897491 246.016988 7.028739 246.117373 1.209890 22.722693 203.421285 281.797470 10.006973
0.377454 0.843766 245.704635 7.228112 245.810930 1.208563 22.764126 203.391004 281.851709 10.024115
0.415288 0.791386 245.482340 7.369346 245.592929 1.207620 22.793623 203.369444 281.890269 10.036316
0.452221 0.740192 245.349294 7.453611 245.462487 1.207055 22.811282 203.356536 281.913333 10.043619
0.488392 0.690045 245.305004 7.481622 245.419069 1.206867 22.817161 203.352238 281.921008 10.046050
0.523927 0.640764 245.349294 7.453611 245.462487 1.207055 22.811282 203.356536 281.913333 10.043619
0.558981 0.592189 245.482340 7.369346 245.592928 1.207620 22.793623 203.369444 281.890269 10.036316
0.593691 0.544121 245.704635 7.228112 245.810930 1.208563 22.764126 203.391004 281.851709 10.024115
0.628217 0.496389 246.016988 7.028739 246.117373 1.209890 22.722693 203.421285 281.797470 10.006973
0.662701 0.448786 246.420465 6.769595 246.513434 1.211604 22.669196 203.460375 281.727312 9.984831
0.697307 0.401139 246.916361 6.448617 247.000555 1.213712 22.603484 203.508380 281.640932 9.957622
0.732175 0.353244 247.506116 6.063315 247.580373 1.216220 22.525386 203.565417 281.537985 9.925269
0.767463 0.304937 248.191273 5.610808 248.254687 1.219136 22.434726 203.631605 281.418082 9.887688
0.803302 0.256027 248.973389 5.087830 249.025369 1.222468 22.331328 203.707063 281.280811 9.844797
0.868707 0.167498 251.334083 3.467326 251.357999 1.232545 22.019806 203.934202 280.863820 9.715382
0.932117 0.082305 253.694805 1.782997 253.701071 1.242655 21.709088 204.160428 280.442687 9.586014
0.993996 -0.000000 256.101221 0.000000 256.101221 1.253002 21.393123 204.390113 280.008944 9.454167
0.523360 1.013705 253.402411 13.280258 253.750167 1.242867 21.702601 204.165147 280.433839 9.583310
0.381175 0.963547 248.568212 8.915991 248.728066 1.221183 22.371187 203.677978 281.333795 9.861335
0.420698 0.911228 248.259886 9.115497 248.427179 1.219882 22.411563 203.648512 281.387380 9.878083
0.459213 0.860169 248.040492 9.256826 248.213163 1.218957 22.440303 203.627534 281.425471 9.890001
0.496853 0.810242 247.909200 9.341152 248.085123 1.218403 22.457507 203.614976 281.448251 9.897133
0.533743 0.761278 247.865493 9.369182 248.042505 1.218219 22.463234 203.610795 281.455832 9.899508
0.570031 0.713125 247.909200 9.341152 248.085123 1.218403 22.457507 203.614976 281.448251 9.897133
0.605857 0.665593 248.040492 9.256826 248.213163 1.218957 22.440303 203.627534 281.425471 9.890001
0.641378 0.618515 248.259886 9.115497 248.427179 1.219882 22.411563 203.648512 281.387380 9.878083
0.676743 0.571690 248.568212 8.915991 248.728066 1.221183 22.371187 203.677978 281.333795 9.861335
0.712114 0.524942 248.966581 8.656686 249.117034 1.222864 22.319045 203.716025 281.264467 9.839700
0.747641 0.478069 249.456331 8.335519 249.595557 1.224932 22.254979 203.762759 281.179091 9.813107
0.783486 0.430898 250.038973 7.950013 250.165327 1.227394 22.178816 203.818302 281.077311 9.781475
0.819792 0.383237 250.716117 7.497287 250.828189 1.230257 22.090371 203.882778 280.958730 9.744722
0.856715 0.334923 251.489413 6.974087 251.586095 1.233529 21.989460 203.956310 280.822924 9.702760
0.924500 0.246819 253.825481 5.353074 253.881922 1.243435 21.685198 204.177807 280.410088 9.576055
0.990256 0.161928 256.164375 3.668452 256.190641 1.253387 21.381397 204.398629 279.992738 9.449268
1.054480 0.079800 258.551069 1.885270 258.557942 1.263582 21.072182 204.623013 279.562526 9.319939
1.117265 0.000000 260.983377 0.000000 260.983377 1.274017 20.757815 204.850716 279.119373 9.188166
0.523360 1.013705 253.402411 13.280258 253.750167 1.242867 21.702601 204.165147 280.433839 9.583310
0.462699 0.975897 250.850151 11.113484 251.096212 1.231414 22.054659 203.908805 280.910731 9.729875
0.501900 0.926135 250.633335 11.254919 250.885914 1.230506 22.082677 203.888386 280.948395 9.741524
0.540236 0.877429 250.503598 11.339309 250.760110 1.229963 22.099447 203.876163 280.970918 9.748495
0.577849 0.829633 250.460413 11.367360 250.718239 1.229782 22.105030 203.872094 280.978412 9.750815
0.614876 0.782574 250.503598 11.339309 250.760110 1.229963 22.099447 203.876163 280.970918 9.748495
0.651473 0.736085 250.633335 11.254919 250.885914 1.230506 22.082677 203.888386 280.948395 9.741524
0.687790 0.689976 250.850151 11.113484 251.096212 1.231414 22.054659 203.908805 280.910731 9.729875
0.723992 0.644070 251.154900 10.913835 251.391917 1.232691 22.015292 203.937490 280.857740 9.713505
0.760232 0.598171 251.548728 10.654352 251.774260 1.234342 21.964443 203.974535 280.789170 9.692352
0.796677 0.552100 252.033017 10.332978 252.244746 1.236372 21.901952 204.020048 280.704708 9.666347
0.833479 0.505662 252.609329 9.947241 252.805104 1.238790 21.827641 204.074152 280.603993 9.635407
0.870800 0.458688 253.279345 9.494268 253.457231 1.241604 21.741320 204.136976 280.486620 9.599447
0.908783 0.410995 254.044791 8.970813 254.203130 1.244821 21.642799 204.208646 280.352154 9.558377
0.978927 0.323457 256.358938 7.349184 256.464258 1.254566 21.345538 204.424671 279.943131 9.434284
1.046997 0.238985 258.678412 5.664155 258.740417 1.264367 21.048444 204.640221 279.529269 9.310000
1.113519 0.157124 261.047656 3.880721 261.076500 1.274418 20.745795 204.859414 279.102311 9.183122
1.178560 0.077417 263.464267 1.995176 263.471821 1.284715 20.437887 205.081984 278.662222 9.053760
1.242135 0.000000 265.931543 0.000000 265.931543 1.295280 20.124277 205.308196 278.207886 8.921714
0.523360 1.013705 253.402411 13.280258 253.750167 1.242867 21.702601 204.165147 280.433839 9.583310
0.543338 0.989402 253.264060 13.371484 253.616799 1.242292 21.720225 204.152325 280.457873 9.590656
0.582374 0.941901 253.135701 13.455941 253.493087 1.241758 21.736579 204.140426 280.480161 9.597471
0.620700 0.895243 253.092975 13.484015 253.451914 1.241581 21.742023 204.136465 280.487578 9.599740
0.658467 0.849271 253.135700 13.455941 253.493087 1.241758 21.736579 204.140426 280.480161 9.597471
0.695826 0.803805 253.264060 13.371484 253.616799 1.242292 21.720225 204.152325 280.457873 9.590656
0.732939 0.758671 253.478594 13.229938 253.823617 1.243184 21.692898 204.172206 280.420599 9.579265
0.769965 0.713678 253.780177 13.030137 254.114468 1.244438 21.654498 204.200138 280.368149 9.563255
0.807072 0.668646 254.169984 12.770466 254.490600 1.246060 21.604890 204.236214 280.300269 9.542566
0.844421 0.623382 254.649436 12.448871 254.953544 1.248056 21.543912 204.280547 280.216642 9.517125
0.882177 0.577709 255.220145 12.062887 255.505060 1.250433 21.471383 204.333259 280.116900 9.486851
0.920497 0.531442 255.883849 11.609646 256.147083 1.253200 21.387109 204.394481 280.000633 9.451654
0.959539 0.484414 256.642345 11.085910 256.881666 1.256364 21.290894 204.464343 279.867395 9.411445
1.032011 0.397553 258.937102 9.463587 259.109981 1.265958 21.000412 204.675035 279.461873 9.289881
1.102382 0.313630 261.239439 7.778067 261.355205 1.275616 20.709843 204.885425 279.051225 9.168031
1.171184 0.232153 263.593351 5.994292 263.661499 1.285530 20.413610 205.099513 278.627274 9.043549
1.238511 0.152711 265.996447 4.108552 266.028175 1.295695 20.112010 205.317034 278.189987 8.916544
1.304384 0.075445 268.451900 2.113237 268.460217 1.306133 19.804630 205.538229 277.738274 8.786828
1.368912 0.000000 270.962231 0.000000 270.962231 1.316864 19.491134 205.763276 277.271090 8.654243
1.391970 0.026912 270.962231 0.000000 270.962231 1.316864 19.491134 205.763276 277.271090 8.654243
1.327033 0.102836 268.451900 2.113237 268.460217 1.306133 19.804630 205.538229 277.738274 8.786828
1.260778 0.180603 265.996391 4.108504 266.028118 1.295694 20.112018 205.317029 278.189998 8.916547
1.193025 0.260485 263.593118 5.994095 263.661262 1.285529 20.413640 205.099491 278.627318 9.043561
1.123850 0.342460 261.239158 7.777830 261.354916 1.275615 20.709880 204.885398 279.051277 9.168047
1.053064 0.426820 258.936650 9.463209 259.109515 1.265956 21.000473 204.674992 279.461958 9.289907
0.980216 0.514185 256.641846 11.085496 256.881150 1.256362 21.290962 204.464294 279.867489 9.411473
0.941044 0.561375 255.883345 11.609228 256.146561 1.253197 21.387177 204.394432 280.000727 9.451683
0.902608 0.607783 255.219637 12.062466 255.504533 1.250431 21.471452 204.333209 280.116996 9.486880
0.864753 0.653581 254.648925 12.448450 254.953014 1.248054 21.543982 204.280496 280.216738 9.517155
0.827320 0.698948 254.169472 12.770043 254.490067 1.246058 21.604960 204.236163 280.300366 9.542596
0.790147 0.744067 253.779664 13.029714 254.113933 1.244436 21.654569 204.200086 280.368246 9.563285
0.753067 0.789126 253.478079 13.229515 253.823081 1.243182 21.692969 204.172154 280.420696 9.579295
0.715919 0.834310 253.263545 13.371060 253.616262 1.242290 21.720296 204.152274 280.457970 9.590685
0.678537 0.879805 253.135185 13.455518 253.492550 1.241756 21.736650 204.140374 280.480258 9.597501
0.640764 0.925789 253.092460 13.483592 253.451377 1.241578 21.742094 204.136413 280.487674 9.599770
0.602446 0.972438 253.135185 13.455518 253.492550 1.241756 21.736650 204.140374 280.480258 9.597501
0.563435 1.019916 253.263545 13.371060 253.616262 1.242290 21.720296 204.152274 280.457970 9.590685
1.415029 0.053824 270.962231 0.000000 270.962231 1.316864 19.491134 205.763276 277.271090 8.654243
1.349682 0.130227 268.451900 2.113237 268.460217 1.306133 19.804630 205.538229 277.738274 8.786828
1.283023 0.208468 265.996391 4.108504 266.028118 1.295694 20.112018 205.317029 278.189998 8.916547
1.214871 0.288821 263.593118 5.994095 263.661262 1.285529 20.413640 205.099491 278.627318 9.043561
1.145299 0.371266 261.239158 7.777830 261.354916 1.275615 20.709880 204.885398 279.051277 9.168047
1.074121 0.456093 258.936650 9.463209 259.109515 1.265956 21.000473 204.674992 279.461958 9.289907
1.000877 0.543933 256.641846 11.085496 256.881150 1.256362 21.290962 204.464294 279.867489 9.411473
0.961573 0.591282 255.883345 11.609228 256.146561 1.253197 21.387177 204.394432 280.000727 9.451683
0.923021 0.637831 255.219637 12.062466 255.504533 1.250431 21.471452 204.333209 280.116996 9.486880
0.885066 0.683750 254.648925 12.448450 254.953014 1.248054 21.543982 204.280496 280.216738 9.517155
0.847548 0.729219 254.169472 12.770043 254.490067 1.246058 21.604960 204.236163 280.300366 9.542596
0.810305 0.774423 253.779664 13.029714 254.113933 1.244436 21.654569 204.200086 280.368246 9.563285
0.773173 0.819546 253.478079 13.229515 253.823081 1.243182 21.692969 204.172154 280.420696 9.579295
0.735986 0.864777 253.263545 13.371060 253.616262 1.242290 21.720296 204.152274 280.457970 9.590685
0.698581 0.910299 253.135185 13.455518 253.492550 1.241756 21.736650 204.140374 280.480258 9.597501
0.660801 0.956294 253.092460 13.483592 253.451377 1.241578 21.742094 204.136413 280.487674 9.599770
0.622490 1.002933 253.135185 13.455518 253.492550 1.241756 21.736650 204.140374 280.480258 9.597501
0.583503 1.050383 253.263545 13.371060 253.616262 1.242290 21.720296 204.152274 280.457970 9.590685
1.438088 0.080737 270.962231 0.000000 270.962231 1.316864 19.491134 205.763276 277.271090 8.654243
1.372332 0.157618 268.451900 2.113237 268.460217 1.306133 19.804630 205.538229 277.738274 8.786828
1.305268 0.236334 265.996391 4.108504 266.028118 1.295694 20.112018 205.317029 278.189998 8.916547
1.236716 0.317158 263.593118 5.994095 263.661262 1.285529 20.413640 205.099491 278.627318 9.043561
1.166749 0.400072 261.239158 7.777830 261.354916 1.275615 20.709880 204.885398 279.051277 9.168047
1.095179 0.485366 258.936650 9.463209 259.109515 1.265956 21.000473 204.674992 279.461958 9.289907
1.021538 0.573681 256.641846 11.085496 256.881150 1.256362 21.290962 204.464294 279.867489 9.411473
0.982102 0.621190 255.883345 11.609228 256.146561 1.253197 21.387177 204.394432 280.000727 9.451683
0.943434 0.667878 255.219637 12.062466 255.504533 1.250431 21.471452 204.333209 280.116996 9.486880
0.905378 0.713919 254.648925 12.448450 254.953014 1.248054 21.543982 204.280496 280.216738 9.517155
0.867776 0.759491 254.169472 12.770043 254.490067 1.246058 21.604960 204.236163 280.300366 9.542596
0.830464 0.804778 253.779664 13.029714 254.113933 1.244436 21.654569 204.200086 280.368246 9.563285
0.793278 0.849967 253.478079 13.229515 253.823081 1.243182 21.692969 204.172154 280.420696 9.579295
0.756053 0.895244 253.263545 13.371060 253.616262 1.242290 21.720296 204.152274 280.457970 9.590685
0.718626 0.940794 253.135185 13.455518 253.492550 1.241756 21.736650 204.140374 280.480258 9.597501
0.680838 0.986798 253.092460 13.483592 253.451377 1.241578 21.742094 204.136413 280.487674 9.599770
0.642535 1.033428 253.135185 13.455518 253.492550 1.241756 21.736650 204.140374 280.480258 9.597501
1.461147 0.107649 270.962231 0.000000 270.962231 1.316864 19.491134 205.763276 277.271090 8.654243
1.394981 0.185009 268.451900 2.113237 268.460217 1.306133 19.804630 205.538229 277.738274 8.786828
1.327513 0.264199 265.996391 4.108504 266.028118 1.295694 20.112018 205.317029 278.189998 8.916547
1.258562 0.345495 263.593118 5.994095 263.661262 1.285529 20.413640 205.099491 278.627318 9.043561
1.188198 0.428877 261.239158 7.777830 261.354916 1.275615 20.709880 204.885398 279.051277 9.168047
1.116236 0.514639 258.936650 9.463209 259.109515 1.265956 21.000473 204.674992 279.461958 9.289907
1.042200 0.603429 256.641846 11.085496 256.881150 1.256362 21.290962 204.464294 279.867489 9.411473
1.002631 0.651097 255.883345 11.609228 256.146561 1.253197 21.387177 204.394432 280.000727 9.451683
0.963847 0.697926 255.219637 12.062466 255.504533 1.250431 21.471452 204.333209 280.116996 9.486880
0.925691 0.744088 254.648925 12.448450 254.953014 1.248054 21.543982 204.280496 280.216738 9.517155
0.888004 0.789763 254.169472 12.770043 254.490067 1.246058 21.604960 204.236163 280.300366 9.542596
0.850623 0.835134 253.779664 13.029714 254.113933 1.244436 21.654569 204.200086 280.368246 9.563285
0.813383 0.880387 253.478079 13.229515 253.823081 1.243182 21.692969 204.172154 280.420696 9.579295
0.776120 0.925711 253.263545 13.371060 253.616262 1.242290 21.720296 204.152274 280.457970 9.590685
0.738670 0.971289 253.135185 13.455518 253.492550 1.241756 21.736650 204.140374 280.480258 9.597501
0.700874 1.017302 253.092460 13.483592 253.451377 1.241578 21.742094 204.136413 280.487674 9.599770
0.662579 1.063923 253.135185 13.455518 253.492550 1.241756 21.736650 204.140374 280.480258 9.597501
1.484205 0.134561 270.962231 0.000000 270.962231 1.316864 19.491134 205.763276 277.271090 8.654243
1.417630 0.212400 268.451900 2.113237 268.460217 1.306133 19.804630 205.538229 277.738274 8.786828
1.349758 0.292065 265.996391 4.108504 266.028118 1.295694 20.112018 205.317029 278.189998 8.916547
1.280407 0.373831 263.593118 5.994095 263.661262 1.285529 20.413640 205.099491 278.627318 9.043561
1.209648 0.457683 261.239158 7.777830 261.354916 1.275615 20.709880 204.885398 279.051277 9.168047
1.137294 0.543912 258.936650 9.463209 259.109515 1.265956 21.000473 204.674992 279.461958 9.289907
1.062861 0.633177 256.641846 11.085496 256.881150 1.256362 21.290962 204.464294 279.867489 9.411473
1.023161 0.681004 255.883345 11.609228 256.146561 1.253197 21.387177 204.394432 280.000727 9.451683
0.984260 0.727974 255.219637 12.062466 255.504533 1.250431 21.471452 204.333209 280.116996 9.486880
0.946003 0.774257 254.648925 12.448450 254.953014 1.248054 21.543982 204.280496 280.216738 9.517155
0.908232 0.820035 254.169472 12.770043 254.490067 1.246058 21.604960 204.236163 280.300366 9.542596
0.870782 0.865489 253.779664 13.029714 254.113933 1.244436 21.654569 204.200086 280.368246 9.563285
0.833489 0.910808 253.478079 13.229515 253.823081 1.243182 21.692969 204.172154 280.420696 9.579295
0.796187 0.956178 253.263545 13.371060 253.616262 1.242290 21.720296 204.152274 280.457970 9.590685
0.758714 1.001784 253.135185 13.455518 253.492550 1.241756 21.736650 204.140374 280.480258 9.597501
0.720911 1.047806 253.092460 13.483592 253.451377 1.241578 21.742094 204.136413 280.487674 9.599770
1.507264 0.161473 270.962231 0.000000 270.962231 1.316864 19.491134 205.763276 277.271090 8.654243
1.440279 0.239791 268.451900 2.113237 268.460217 1.306133 19.804630 205.538229 277.738274 8.786828
1.372003 0.319930 265.996391 4.108504 266.028118 1.295694 20.112018 205.317029 278.189998 8.916547
1.302253 0.402168 263.593118 5.994095 263.661262 1.285529 20.413640 205.099491 278.627318 9.043561
1.231098 0.486489 261.239158 7.777830 261.354916 1.275615 20.709880 204.885398 279.051277 9.168047
1.158351 0.573185 258.936650 9.463209 259.109515 1.265956 21.000473 204.674992 279.461958 9.289907
1.083522 0.662925 256.641846 11.085496 256.881150 1.256362 21.290962 204.464294 279.867489 9.411473
1.043690 0.710912 255.883345 11.609228 256.146561 1.253197 21.387177 204.394432 280.000727 9.451683
1.004673 0.758021 255.219637 12.062466 255.504533 1.250431 21.471452 204.333209 280.116996 9.486880
0.966316 0.804426 254.648925 12.448450 254.953014 1.248054 21.543982 204.280496 280.216738 9.517155
0.928460 0.850306 254.169472 12.770043 254.490067 1.246058 21.604960 204.236163 280.300366 9.542596
0.890941 0.895845 253.779664 13.029714 254.113933 1.244436 21.654569 204.200086 280.368246 9.563285
0.853594 0.941229 253.478079 13.229515 253.823081 1.243182 21.692969 204.172154 280.420696 9.579295
0.816254 0.986645 253.263545 13.371060 253.616262 1.242290 21.720296 204.152274 280.457970 9.590685
0.778759 1.032279 253.135185 13.455518 253.492550 1.241756 21.736650 204.140374 280.480258 9.597501
1.530323 0.188386 270.962231 0.000000 270.962231 1.316864 19.491134 205.763276 277.271090 8.654243
1.462929 0.267182 268.451900 2.113237 268.460217 1.306133 19.804630 205.538229 277.738274 8.786828
1.394248 0.347796 265.996391 4.108504 266.028118 1.295694 20.112018 205.317029 278.189998 8.916547
1.324098 0.430505 263.593118 5.994095 263.661262 1.285529 20.413640 205.099491 278.627318 9.043561
1.252547 0.515295 261.239158 7.777830 261.354916 1.275615 20.709880 204.885398 279.051277 9.168047
1.179409 0.602458 258.936650 9.463209 259.109515 1.265956 21.000473 204.674992 279.461958 9.289907
1.104184 0.692673 256.641846 11.085496 256.881150 1.256362 21.290962 204.464294 279.867489 9.411473
1.064219 0.740819 255.883345 11.609228 256.146561 1.253197 21.387177 204.394432 280.000727 9.451683
1.025086 0.788069 255.219637 12.062466 255.504533 1.250431 21.471452 204.333209 280.116996 9.486880
0.986629 0.834596 254.648925 12.448450 254.953014 1.248054 21.543982 204.280496 280.216738 9.517155
0.948688 0.880578 254.169472 12.770043 254.490067 1.246058 21.604960 204.236163 280.300366 9.542596
0.911100 0.926200 253.779664 13.029714 254.113933 1.244436 21.654569 204.200086 280.368246 9.563285
0.873699 0.971649 253.478079 13.229515 253.823081 1.243182 21.692969 204.172154 280.420696 9.579295
0.836321 1.017112 253.263545 13.371060 253.616262 1.242290 21.720296 204.152274 280.457970 9.590685
0.798803 1.062773 253.135185 13.455518 253.492550 1.241756 21.736650 204.140374 280.480258 9.597501
1.553382 0.215298 270.962231 0.000000 270.962231 1.316864 19.491134 205.763276 277.271090 8.654243
1.485578 0.294573 268.451900 2.113237 268.460217 1.306133 19.804630 205.538229 277.738274 8.786828
1.416493 0.375661 265.996391 4.108504 266.028118 1.295694 20.112018 205.317029 278.189998 8.916547
1.345943 0.458841 263.593118 5.994095 263.661262 1.285529 20.413640 205.099491 278.627318 9.043561
1.273997 0.544100 261.239158 7.777830 261.354916 1.275615 20.709880 204.885398 279.051277 9.168047
1.200466 0.631731 258.936650 9.463209 259.109515 1.265956 21.000473 204.674992 279.461958 9.289907
1.124845 0.722421 256.641846 11.085496 256.881150 1.256362 21.290962 204.464294 279.867489 9.411473
1.084748 0.770726 255.883345 11.609228 256.146561 1.253197 21.387177 204.394432 280.000727 9.451683
1.045498 0.818117 255.219637 12.062466 255.504533 1.250431 21.471452 204.333209 280.116996 9.486880
1.006941 0.864765 254.648925 12.448450 254.953014 1.248054 21.543982 204.280496 280.216738 9.517155
0.968916 0.910850 254.169472 12.770043 254.490067 1.246058 21.604960 204.236163 280.300366 9.542596
0.931259 0.956556 253.779664 13.029714 254.113933 1.244436 21.654569 204.200086 280.368246 9.563285
0.893805 1.002070 253.478079 13.229515 253.823081 1.243182 21.692969 204.172154 280.420696 9.579295
0.856389 1.047579 253.263545 13.371060 253.616262 1.242290 21.720296 204.152274 280.457970 9.590685
1.576440 0.242210 270.962231 0.000000 270.962231 1.316864 19.491134 205.763276 277.271090 8.654243
1.508227 0.321964 268.451900 2.113237 268.460217 1.306133 19.804630 205.538229 277.738274 8.786828
1.438738 0.403527 265.996391 4.108504 266.028118 1.295694 20.112018 205.317029 278.189998 8.916547
1.367789 0.487178 263.593118 5.994095 263.661262 1.285529 20.413640 205.099491 278.627318 9.043561
1.295446 0.572906 261.239158 7.777830 261.354916 1.275615 20.709880 204.885398 279.051277 9.168047
1.221524 0.661004 258.936650 9.463209 259.109515 1.265956 21.000473 204.674992 279.461958 9.289907
1.145506 0.752169 256.641846 11.085496 256.881150 1.256362 21.290962 204.464294 279.867489 9.411473
1.105277 0.800634 255.883345 11.609228 256.146561 1.253197 21.387177 204.394432 280.000727 9.451683
1.065911 0.848164 255.219637 12.062466 255.504533 1.250431 21.471452 204.333209 280.116996 9.486880
1.027254 0.894934 254.648925 12.448450 254.953014 1.248054 21.543982 204.280496 280.216738 9.517155
0.989144 0.941121 254.169472 12.770043 254.490067 1.246058 21.604960 204.236163 280.300366 9.542596
0.951418 0.986911 253.779664 13.029714 254.113933 1.244436 21.654569 204.200086 280.368246 9.563285
0.913910 1.032490 253.478079 13.229515 253.823081 1.243182 21.692969 204.172154 280.420696 9.579295
0.876456 1.078046 253.263545 13.371060 253.616262 1.242290 21.720296 204.152274 280.457970 9.590685
1.599499 0.269122 270.962231 0.000000 270.962231 1.316864 19.491134 205.763276 277.271090 8.654243
1.530876 0.349355 268.451900 2.113237 268.460217 1.306133 19.804630 205.538229 277.738274 8.786828
1.460983 0.431392 265.996391 4.108504 266.028118 1.295694 20.112018 205.317029 278.189998 8.916547
1.389634 0.515514 263.593118 5.994095 263.661262 1.285529 20.413640 205.099491 278.627318 9.043561
1.316896 0.601712 261.239158 7.777830 261.354916 1.275615 20.709880 204.885398 279.051277 9.168047
1.242581 0.690277 258.936650 9.463209 259.109515 1.265956 21.000473 204.674992 279.461958 9.289907
1.166168 0.781917 256.641846 11.085496 256.881150 1.256362 21.290962 204.464294 279.867489 9.411473
1.125806 0.830541 255.883345 11.609228 256.146561 1.253197 21.387177 204.394432 280.000727 9.451683
1.086324 0.878212 255.219637 12.062466 255.504533 1.250431 21.471452 204.333209 280.116996 9.486880
1.047566 0.925103 254.648925 12.448450 254.953014 1.248054 21.543982 204.280496 280.216738 9.517155
1.009371 0.971393 254.169472 12.770043 254.490067 1.246058 21.604960 204.236163 280.300366 9.542596
0.971576 1.017267 253.779664 13.029714 254.113933 1.244436 21.654569 204.200086 280.368246 9.563285
0.934015 1.062911 253.478079 13.229515 253.823081 1.243182 21.692969 204.172154 280.420696 9.579295
1.622558 0.296034 270.962231 0.000000 270.962231 1.316864 19.491134 205.763276 277.271090 8.654243
1.553526 0.376746 268.451900 2.113237 268.460217 1.306133 19.804630 205.538229 277.738274 8.786828
1.483228 0.459257 265.996391 4.108504 266.028118 1.295694 20.112018 205.317029 278.189998 8.916547
1.411480 0.543851 263.593118 5.994095 263.661262 1.285529 20.413640 205.099491 278.627318 9.043561
1.338345 0.630518 261.239158 7.777830 261.354916 1.275615 20.709880 204.885398 279.051277 9.168047
1.263638 0.719550 258.936650 9.463209 259.109515 1.265956 21.000473 204.674992 279.461958 9.289907
1.186829 0.811665 256.641846 11.085496 256.881150 1.256362 21.290962 204.464294 279.867489 9.411473
1.146336 0.860448 255.883345 11.609228 256.146561 1.253197 21.387177 204.394432 280.000727 9.451683
1.106737 0.908260 255.219637 12.062466 255.504533 1.250431 21.471452 204.333209 280.116996 9.486880
1.067879 0.955272 254.648925 12.448450 254.953014 1.248054 21.543982 204.280496 280.216738 9.517155
1.029599 1.001665 254.169472 12.770043 254.490067 1.246058 21.604960 204.236163 280.300366 9.542596
0.991735 1.047622 253.779664 13.029714 254.113933 1.244436 21.654569 204.200086 280.368246 9.563285
1.645617 0.322947 270.962231 0.000000 270.962231 1.316864 19.491134 205.763276 277.271090 8.654243
1.576175 0.404137 268.451900 2.113237 268.460217 1.306133 19.804630 205.538229 277.738274 8.786828
1.505473 0.487123 265.996391 4.108504 266.028118 1.295694 20.112018 205.317029 278.189998 8.916547
1.433325 0.572188 263.593118 5.994095 263.661262 1.285529 20.413640 205.099491 278.627318 9.043561
1.359795 0.659324 261.239158 7.777830 261.354916 1.275615 20.709880 204.885398 279.051277 9.168047
1.284696 0.748823 258.936650 9.463209 259.109515 1.265956 21.000473 204.674992 279.461958 9.289907
1.207491 0.841413 256.641846 11.085496 256.881150 1.256362 21.290962 204.464294 279.867489 9.411473
1.166865 0.890356 255.883345 11.609228 256.146561 1.253197 21.387177 204.394432 280.000727 9.451683
1.127150 0.938307 255.219637 12.062466 255.504533 1.250431 21.471452 204.333209 280.116996 9.486880
1.088191 0.985441 254.648925 12.448450 254.953014 1.248054 21.543982 204.280496 280.216738 9.517155
1.049827 1.031936 254.169472 12.770043 254.490067 1.246058 21.604960 204.236163 280.300366 9.542596
1.011894 1.077978 253.779664 13.029714 254.113933 1.244436 21.654569 204.200086 280.368246 9.563285
1.668676 0.349859 270.962231 0.000000 270.962231 1.316864 19.491134 205.763276 277.271090 8.654243
1.598824 0.431528 268.451900 2.113237 268.460217 1.306133 19.804630 205.538229 277.738274 8.786828
1.527718 0.514988 265.996391 4.108504 266.028118 1.295694 20.112018 205.317029 278.189998 8.916547
1.455170 0.600524 263.593118 5.994095 263.661262 1.285529 20.413640 205.099491 278.627318 9.043561
1.381244 0.688129 261.239158 7.777830 261.354916 1.275615 20.709880 204.885398 279.051277 9.168047
1.305753 0.778096 258.936650 9.463209 259.109515 1.265956 21.000473 204.674992 279.461958 9.289907
1.228152 0.871161 256.641846 11.085496 256.881150 1.256362 21.290962 204.464294 279.867489 9.411473
1.187394 0.920263 255.883345 11.609228 256.146561 1.253197 21.387177 204.394432 280.000727 9.451683
1.147563 0.968355 255.219637 12.062466 255.504533 1.250431 21.471452 204.333209 280.116996 9.486880
1.108504 1.015610 254.648925 12.448450 254.953014 1.248054 21.543982 204.280496 280.216738 9.517155
1.070055 1.062208 254.169472 12.770043 254.490067 1.246058 21.604960 204.236163 280.300366 9.542596
1.691734 0.376771 270.962231 0.000000 270.962231 1.316864 19.491134 205.763276 277.271090 8.654243
1.621473 0.458919 268.451900 2.113237 268.460217 1.306133 19.804630 205.538229 277.738274 8.786828
1.549964 0.542854 265.996391 4.108504 266.028118 1.295694 20.112018 205.317029 278.189998 8.916547
1.477016 0.628861 263.593118 5.994095 263.661262 1.285529 20.413640 205.099491 278.627318 9.043561
1.402694 0.716935 261.239158 7.777830 261.354916 1.275615 20.709880 204.885398 279.051277 9.168047
1.326811 0.807369 258.936650 9.463209 259.109515 1.265956 21.000473 204.674992 279.461958 9.289907
1.248813 0.900909 256.641846 11.085496 256.881150 1.256362 21.290962 204.464294 279.867489 9.411473
1.207923 0.950170 255.883345 11.609228 256.146561 1.253197 21.387177 204.394432 280.000727 9.451683
1.167976 0.998403 255.219637 12.062466 255.504533 1.250431 21.471452 204.333209 280.116996 9.486880
1.128816 1.045779 254.648925 12.448450 254.953014 1.248054 21.543982 204.280496 280.216738 9.517155
1.714793 0.403683 270.962231 0.000000 270.962231 1.316864 19.491134 205.763276 277.271090 8.654243
1.644123 0.486310 268.451900 2.113237 268.460217 1.306133 19.804630 205.538229 277.738274 8.786828
1.572209 0.570719 265.996391 4.108504 266.028118 1.295694 20.112018 205.317029 278.189998 8.916547
1.498861 0.657198 263.593118 5.994095 263.661262 1.285529 20.413640 205.099491 278.627318 9.043561
1.424143 0.745741 261.239158 7.777830 261.354916 1.275615 20.709880 204.885398 279.051277 9.168047
1.347868 0.836642 258.936650 9.463209 259.109515 1.265956 21.000473 204.674992 279.461958 9.289907
1.269475 0.930658 256.641846 11.085496 256.881150 1.256362 21.290962 204.464294 279.867489 9.411473
1.228452 0.980078 255.883345 11.609228 256.146561 1.253197 21.387177 204.394432 280.000727 9.451683
1.188389 1.028450 255.219637 12.062466 255.504533 1.250431 21.471452 204.333209 280.116996 9.486880
1.149129 1.075948 254.648925 12.448450 254.953014 1.248054 21.543982 204.280496 280.216738 9.517155
1.737852 0.430596 270.962231 0.000000 270.962231 1.316864 19.491134 205.763276 277.271090 8.654243
1.666772 0.513701 268.451900 2.113237 268.460217 1.306133 19.804630 205.538229 277.738274 8.786828
1.594454 0.598585 265.996391 4.108504 266.028118 1.295694 20.112018 205.317029 278.189998 8.916547
1.520707 0.685534 263.593118 5.994095 263.661262 1.285529 20.413640 205.099491 278.627318 9.043561
1.445593 0.774547 261.239158 7.777830 261.354916 1.275615 20.709880 204.885398 279.051277 9.168047
1.368926 0.865915 258.936650 9.463209 259.109515 1.265956 21.000473 204.674992 279.461958 9.289907
1.290136 0.960406 256.641846 11.085496 256.881150 1.256362 21.290962 204.464294 279.867489 9.411473
1.248981 1.009985 255.883345 11.609228 256.146561 1.253197 21.387177 204.394432 280.000727 9.451683
1.208802 1.058498 255.219637 12.062466 255.504533 1.250431 21.471452 204.333209 280.116996 9.486880
1.760911 0.457508 270.962231 0.000000 270.962231 1.316864 19.491134 205.763276 277.271090 8.654243
1.689421 0.541092 268.451900 2.113237 268.460217 1.306133 19.804630 205.538229 277.738274 8.786828
1.616699 0.626450 265.996391 4.108504 266.028118 1.295694 20.112018 205.317029 278.189998 8.916547
1.542552 0.713871 263.593118 5.994095 263.661262 1.285529 20.413640 205.099491 278.627318 9.043561
1.467042 0.803352 261.239158 7.777830 261.354916 1.275615 20.709880 204.885398 279.051277 9.168047
1.389983 0.895188 258.936650 9.463209 259.109515 1.265956 21.000473 204.674992 279.461958 9.289907
1.310797 0.990154 256.641846 11.085496 256.881150 1.256362 21.290962 204.464294 279.867489 9.411473
1.269510 1.039892 255.883345 11.609228 256.146561 1.253197 21.387177 204.394432 280.000727 9.451683
1.229215 1.088546 255.219637 12.062466 255.504533 1.250431 21.471452 204.333209 280.116996 9.486880
1.783969 0.484420 270.962231 0.000000 270.962231 1.316864 19.491134 205.763276 277.271090 8.654243
1.712071 0.568483 268.451900 2.113237 268.460217 1.306133 19.804630 205.538229 277.738274 8.786828
1.638944 0.654316 265.996391 4.108504 266.028118 1.295694 20.112018 205.317029 278.189998 8.916547
1.564398 0.742208 263.593118 5.994095 263.661262 1.285529 20.413640 205.099491 278.627318 9.043561
1.488492 0.832158 261.239158 7.777830 261.354916 1.275615 20.709880 204.885398 279.051277 9.168047
1.411041 0.924461 258.936650 9.463209 259.109515 1.265956 21.000473 204.674992 279.461958 9.289907
1.331459 1.019902 256.641846 11.085496 256.881150 1.256362 21.290962 204.464294 279.867489 9.411473
1.290040 1.069799 255.883345 11.609228 256.146561 1.253197 21.387177 204.394432 280.000727 9.451683
1.807028 0.511332 270.962231 0.000000 270.962231 1.316864 19.491134 205.763276 277.271090 8.654243
1.734720 0.595874 268.451900 2.113237 268.460217 1.306133 19.804630 205.538229 277.738274 8.786828
1.661189 0.682181 265.996391 4.108504 266.028118 1.295694 20.112018 205.317029 278.189998 8.916547
1.586243 0.770544 263.593118 5.994095 263.661262 1.285529 20.413640 205.099491 278.627318 9.043561
1.509941 0.860964 261.239158 7.777830 261.354916 1.275615 20.709880 204.885398 279.051277 9.168047
1.432098 0.953734 258.936650 9.463209 259.109515 1.265956 21.000473 204.674992 279.461958 9.289907
1.352120 1.049650 256.641846 11.085496 256.881150 1.256362 21.290962 204.464294 279.867489 9.411473
1.310569 1.099707 255.883345 11.609228 256.146561 1.253197 21.387177 204.394432 280.000727 9.451683
1.830087 0.538244 270.962231 0.000000 270.962231 1.316864 19.491134 205.763276 277.271090 8.654243
1.757369 0.623265 268.451900 2.113237 268.460217 1.306133 19.804630 205.538229 277.738274 8.786828
1.683434 0.710046 265.996391 4.108504 266.028118 1.295694 20.112018 205.317029 278.189998 8.916547
1.608088 0.798881 263.593118 5.994095 263.661262 1.285529 20.413640 205.099491 278.627318 9.043561
1.531391 0.889770 261.239158 7.777830 261.354916 1.275615 20.709880 204.885398 279.051277 9.168047
1.453156 0.983007 258.936650 9.463209 259.109515 1.265956 21.000473 204.674992 279.461958 9.289907
1.372781 1.079398 256.641846 11.085496 256.881150 1.256362 21.290962 204.464294 279.867489 9.411473
1.853146 0.565157 270.962231 0.000000 270.962231 1.316864 19.491134 205.763276 277.271090 8.654243
1.780018 0.650656 268.451900 2.113237 268.460217 1.306133 19.804630 205.538229 277.738274 8.786828
1.705679 0.737912 265.996391 4.108504 266.028118 1.295694 20.112018 205.317029 278.189998 8.916547
1.629934 0.827217 263.593118 5.994095 263.661262 1.285529 20.413640 205.099491 278.627318 9.043561
1.552840 0.918576 261.239158 7.777830 261.354916 1.275615 20.709880 204.885398 279.051277 9.168047
1.474213 1.012280 258.936650 9.463209 259.109515 1.265956 21.000473 204.674992 279.461958 9.289907
1.393443 1.109146 256.641846 11.085496 256.881150 1.256362 21.290962 204.464294 279.867489 9.411473
1.876205 0.592069 270.962231 0.000000 270.962231 1.316864 19.491134 205.763276 277.271090 8.654243
1.802668 0.678047 268.451900 2.113237 268.460217 1.306133 19.804630 205.538229 277.738274 8.786828
1.727924 0.765777 265.996391 4.108504 266.028118 1.295694 20.112018 205.317029 278.189998 8.916547
1.651779 0.855554 263.593118 5.994095 263.661262 1.285529 20.413640 205.099491 278.627318 9.043561
1.574290 0.947381 261.239158 7.777830 261.354916 1.275615 20.709880 204.885398 279.051277 9.168047
1.495271 1.041553 258.936650 9.463209 259.109515 1.265956 21.000473 204.674992 279.461958 9.289907
1.414104 1.138894 256.641846 11.085496 256.881150 1.256362 21.290962 204.464294 279.867489 9.411473
1.899263 0.618981 270.962231 0.000000 270.962231 1.316864 19.491134 205.763276 277.271090 8.654243
1.825317 0.705438 268.451900 2.113237 268.460217 1.306133 19.804630 205.538229 277.738274 8.786828
1.750169 0.793643 265.996391 4.108504 266.028118 1.295694 20.112018 205.317029 278.189998 8.916547
1.673625 0.883891 263.593118 5.994095 263.661262 1.285529 20.413640 205.099491 278.627318 9.043561
1.595740 0.976187 261.239158 7.777830 261.354916 1.275615 20.709880 204.885398 279.051277 9.168047
1.516328 1.070826 258.936650 9.463209 259.109515 1.265956 21.000473 204.674992 279.461958 9.289907
1.922322 0.645893 270.962231 0.000000 270.962231 1.316864 19.491134 205.763276 277.271090 8.654243
1.847966 0.732830 268.451900 2.113237 268.460217 1.306133 19.804630 205.538229 277.738274 8.786828
1.772414 0.821508 265.996391 4.108504 266.028118 1.295694 20.112018 205.317029 278.189998 8.916547
1.695470 0.912227 263.593118 5.994095 263.661262 1.285529 20.413640 205.099491 278.627318 9.043561
1.617189 1.004993 261.239158 7.777830 261.354916 1.275615 20.709880 204.885398 279.051277 9.168047
1.537386 1.100099 258.936650 9.463209 259.109515 1.265956 21.000473 204.674992 279.461958 9.289907
1.945381 0.672806 270.962231 0.000000 270.962231 1.316864 19.491134 205.763276 277.271090 8.654243
1.870615 0.760221 268.451900 2.113237 268.460217 1.306133 19.804630 205.538229 277.738274 8.786828
1.794659 0.849374 265.996391 4.108504 266.028118 1.295694 20.112018 205.317029 278.189998 8.916547
1.717316 0.940564 263.593118 5.994095 263.661262 1.285529 20.413640 205.099491 278.627318 9.043561
1.638639 1.033799 261.239158 7.777830 261.354916 1.275615 20.709880 204.885398 279.051277 9.168047
1.558443 1.129372 258.936650 9.463209 259.109515 1.265956 21.000473 204.674992 279.461958 9.289907
1.968440 0.699718 270.962231 0.000000 270.962231 1.316864 19.491134 205.763276 277.271090 8.654243
1.893265 0.787612 268.451900 2.113237 268.460217 1.306133 19.804630 205.538229 277.738274 8.786828
1.816904 0.877239 265.996391 4.108504 266.028118 1.295694 20.112018 205.317029 278.189998 8.916547
1.739161 0.968901 263.593118 5.994095 263.661262 1.285529 20.413640 205.099491 278.627318 9.043561
1.660088 1.062604 261.239158 7.777830 261.354916 1.275615 20.709880 204.885398 279.051277 9.168047
1.579500 1.158645 258.936650 9.463209 259.109515 1.265956 21.000473 204.674992 279.461958 9.289907
1.991498 0.726630 270.962231 0.000000 270.962231 1.316864 19.491134 205.763276 277.271090 8.654243
1.915914 0.815003 268.451900 2.113237 268.460217 1.306133 19.804630 205.538229 277.738274 8.786828
1.839149 0.905105 265.996391 4.108504 266.028118 1.295694 20.112018 205.317029 278.189998 8.916547
1.761006 0.997237 263.593118 5.994095 263.661262 1.285529 20.413640 205.099491 278.627318 9.043561
1.681538 1.091410 261.239158 7.777830 261.354916 1.275615 20.709880 204.885398 279.051277 9.168047
2.014557 0.753542 270.962231 0.000000 270.962231 1.316864 19.491134 205.763276 277.271090 8.654243
1.938563 0.842394 268.451900 2.113237 268.460217 1.306133 19.804630 205.538229 277.738274 8.786828
1.861394 0.932970 265.996391 4.108504 266.028118 1.295694 20.112018 205.317029 278.189998 8.916547
1.782852 1.025574 263.593118 5.994095 263.661262 1.285529 20.413640 205.099491 278.627318 9.043561
1.702987 1.120216 261.239158 7.777830 261.354916 1.275615 20.709880 204.885398 279.051277 9.168047
2.037616 0.780454 270.962231 0.000000 270.962231 1.316864 19.491134 205.763276 277.271090 8.654243
1.961212 0.869785 268.451900 2.113237 268.460217 1.306133 19.804630 205.538229 277.738274 8.786828
1.883640 0.960835 265.996391 4.108504 266.028118 1.295694 20.112018 205.317029 278.189998 8.916547
1.804697 1.053910 263.593118 5.994095 263.661262 1.285529 20.413640 205.099491 278.627318 9.043561
1.724437 1.149022 261.239158 7.777830 261.354916 1.275615 20.709880 204.885398 279.051277 9.168047
2.060675 0.807367 270.962231 0.000000 270.962231 1.316864 19.491134 205.763276 277.271090 8.654243
1.983862 0.897176 268.451900 2.113237 268.460217 1.306133 19.804630 205.538229 277.738274 8.786828
1.905885 0.988701 265.996391 4.108504 266.028118 1.295694 20.112018 205.317029 278.189998 8.916547
1.826543 1.082247 263.593118 5.994095 263.661262 1.285529 20.413640 205.099491 278.627318 9.043561
2.083733 0.834279 270.962231 0.000000 270.962231 1.316864 19.491134 205.763276 277.271090 8.654243
2.006511 0.924567 268.451900 2.113237 268.460217 1.306133 19.804630 205.538229 277.738274 8.786828
1.928130 1.016566 265.996391 4.108504 266.028118 1.295694 20.112018 205.317029 278.189998 8.916547
1.848388 1.110584 263.593118 5.994095 263.661262 1.285529 20.413640 205.099491 278.627318 9.043561
2.106792 0.861191 270.962231 0.000000 270.962231 1.316864 19.491134 205.763276 277.271090 8.654243
2.029160 0.951958 268.451900 2.113237 268.460217 1.306133 19.804630 205.538229 277.738274 8.786828
1.950375 1.044432 265.996391 4.108504 266.028118 1.295694 20.112018 205.317029 278.189998 8.916547
1.870233 1.138920 263.593118 5.994095 263.661262 1.285529 20.413640 205.099491 278.627318 9.043561
2.129851 0.888103 270.962231 0.000000 270.962231 1.316864 19.491134 205.763276 277.271090 8.654243
2.051810 0.979349 268.451900 2.113237 268.460217 1.306133 19.804630 205.538229 277.738274 8.786828
1.972620 1.072297 265.996391 4.108504 266.028118 1.295694 20.112018 205.317029 278.189998 8.916547
1.892079 1.167257 263.593118 5.994095 263.661262 1.285529 20.413640 205.099491 278.627318 9.043561
2.152910 0.915016 270.962231 0.000000 270.962231 1.316864 19.491134 205.763276 277.271090 8.654243
2.074459 1.006740 268.451900 2.113237 268.460217 1.306133 19.804630 205.538229 277.738274 8.786828
1.994865 1.100163 265.996391 4.108504 266.028118 1.295694 20.112018 205.317029 278.189998 8.916547
2.175969 0.941928 270.962231 0.000000 270.962231 1.316864 19.491134 205.763276 277.271090 8.654243
2.097108 1.034131 268.451900 2.113237 268.460217 1.306133 19.804630 205.538229 277.738274 8.786828
2.017110 1.128028 265.996391 4.108504 266.028118 1.295694 20.112018 205.317029 278.189998 8.916547
2.199027 0.968840 270.962231 0.000000 270.962231 1.316864 19.491134 205.763276 277.271090 8.654243
2.119757 1.061522 268.451900 2.113237 268.460217 1.306133 19.804630 205.538229 277.738274 8.786828
2.039355 1.155894 265.996391 4.108504 266.028118 1.295694 20.112018 205.317029 278.189998 8.916547
2.222086 0.995752 270.962231 0.000000 270.962231 1.316864 19.491134 205.763276 277.271090 8.654243
2.142407 1.088913 268.451900 2.113237 268.460217 1.306133 19.804630 205.538229 277.738274 8.786828
2.245145 1.022664 270.962231 0.000000 270.962231 1.316864 19.491134 205.763276 277.271090 8.654243
2.165056 1.116304 268.451900 2.113237 268.460217 1.306133 19.804630 205.538229 277.738274 8.786828
2.268204 1.049577 270.962231 0.000000 270.962231 1.316864 19.491134 205.763276 277.271090 8.654243
2.187705 1.143695 268.451900 2.113237 268.460217 1.306133 19.804630 205.538229 277.738274 8.786828
2.291262 1.076489 270.962231 0.000000 270.962231 1.316864 19.491134 205.763276 277.271090 8.654243
2.210354 1.171086 268.451900 2.113237 268.460217 1.306133 19.804630 205.538229 277.738274 8.786828
